<?xml version="1.0" encoding="UTF-8"?><testsuite errors="1" failures="0" name="curs11_12.features.search.SearchByKeywordStory" skipped="1" tests="2" time="2.56" timestamp="2022-03-22 07:13:10"><testcase classname="curs11_12.features.search.SearchByKeywordStory" name="Searching by keyword nuxe should display the products"><error message="Could not instantiate class org.openqa.selenium.chrome.ChromeDriver" type="net.thucydides.core.webdriver.DriverConfigurationError">Could not instantiate class org.openqa.selenium.chrome.ChromeDriver</error><system-err>Could not instantiate class org.openqa.selenium.chrome.ChromeDriver&#13;
curs11_12.steps.serenity.EndUserSteps.is_the_home_page(EndUserSteps.java:26)&#13;
curs11_12.features.search.SearchByKeywordStory.searching_by_keyword_nuxe_should_display_the_products(SearchByKeywordStory.java:31)&#13;
</system-err></testcase><testcase classname="curs11_12.features.search.SearchByKeywordStory" name="Searching by ambiguious keyword should display the disambiguation page"><skipped/></testcase></testsuite>